# JRE version: OpenJDK Runtime Environment (8.0_171-b11) (build 1.8.0_171-8u171-b11-0ubuntu0.16.04.1-b11)
# Java VM: OpenJDK Server VM (25.171-b11 mixed mode linux-x86 )
Heap:
 PSYoungGen      total 208640K, used 7186K [0x984c0000, 0xa6200000, 0xa6c00000)
  eden space 198656K, 0% used [0x984c0000,0x984c0000,0xa46c0000)
  from space 9984K, 71% used [0xa50c0000,0xa57c4920,0xa5a80000)
  to   space 10240K, 0% used [0xa46c0000,0xa46c0000,0xa50c0000)
 ParOldGen       total 27392K, used 19057K [0x7b600000, 0x7d0c0000, 0x984c0000)
  object space 27392K, 69% used [0x7b600000,0x7c89c508,0x7d0c0000)
 Metaspace       used 26367K, capacity 27271K, committed 27308K, reserved 27952K
GC Heap History (10 events):
Event: 16.169 GC heap after
Heap after GC invocations=9 (full 0):
 PSYoungGen      total 95488K, used 7166K [0x984c0000, 0xa2040000, 0xa6c00000)
  eden space 88320K, 0% used [0x984c0000,0x984c0000,0x9db00000)
  from space 7168K, 99% used [0x9db00000,0x9e1ffbf0,0x9e200000)
  to   space 8960K, 0% used [0xa1780000,0xa1780000,0xa2040000)
 ParOldGen       total 30208K, used 9716K [0x7b600000, 0x7d380000, 0x984c0000)
  object space 30208K, 32% used [0x7b600000,0x7bf7d030,0x7d380000)
 Metaspace       used 15841K, capacity 16366K, committed 16384K, reserved 16688K
}
Event: 16.169 GC heap before
{Heap before GC invocations=10 (full 1):
 PSYoungGen      total 95488K, used 7166K [0x984c0000, 0xa2040000, 0xa6c00000)
  eden space 88320K, 0% used [0x984c0000,0x984c0000,0x9db00000)
  from space 7168K, 99% used [0x9db00000,0x9e1ffbf0,0x9e200000)
  to   space 8960K, 0% used [0xa1780000,0xa1780000,0xa2040000)
 ParOldGen       total 30208K, used 9716K [0x7b600000, 0x7d380000, 0x984c0000)
  object space 30208K, 32% used [0x7b600000,0x7bf7d030,0x7d380000)
 Metaspace       used 15841K, capacity 16366K, committed 16384K, reserved 16688K
Event: 16.241 GC heap after
Heap after GC invocations=10 (full 1):
 PSYoungGen      total 95488K, used 0K [0x984c0000, 0xa2040000, 0xa6c00000)
  eden space 88320K, 0% used [0x984c0000,0x984c0000,0x9db00000)
  from space 7168K, 0% used [0x9db00000,0x9db00000,0x9e200000)
  to   space 8960K, 0% used [0xa1780000,0xa1780000,0xa2040000)
 ParOldGen       total 27392K, used 11430K [0x7b600000, 0x7d0c0000, 0x984c0000)
  object space 27392K, 41% used [0x7b600000,0x7c129970,0x7d0c0000)
 Metaspace       used 15841K, capacity 16366K, committed 16384K, reserved 16688K
}
Event: 17.996 GC heap before
{Heap before GC invocations=11 (full 1):
 PSYoungGen      total 95488K, used 88320K [0x984c0000, 0xa2040000, 0xa6c00000)
  eden space 88320K, 100% used [0x984c0000,0x9db00000,0x9db00000)
  from space 7168K, 0% used [0x9db00000,0x9db00000,0x9e200000)
  to   space 8960K, 0% used [0xa1780000,0xa1780000,0xa2040000)
 ParOldGen       total 27392K, used 11430K [0x7b600000, 0x7d0c0000, 0x984c0000)
  object space 27392K, 41% used [0x7b600000,0x7c129970,0x7d0c0000)
 Metaspace       used 18315K, capacity 19100K, committed 19200K, reserved 19760K
Event: 18.025 GC heap after
Heap after GC invocations=11 (full 1):
 PSYoungGen      total 138496K, used 6134K [0x984c0000, 0xa1d80000, 0xa6c00000)
  eden space 132352K, 0% used [0x984c0000,0x984c0000,0xa0600000)
  from space 6144K, 99% used [0xa1780000,0xa1d7da00,0xa1d80000)
  to   space 9216K, 0% used [0xa0b80000,0xa0b80000,0xa1480000)
 ParOldGen       total 27392K, used 11434K [0x7b600000, 0x7d0c0000, 0x984c0000)
  object space 27392K, 41% used [0x7b600000,0x7c12a970,0x7d0c0000)
 Metaspace       used 18315K, capacity 19100K, committed 19200K, reserved 19760K
}
Event: 20.499 GC heap before
{Heap before GC invocations=12 (full 1):
 PSYoungGen      total 138496K, used 138486K [0x984c0000, 0xa1d80000, 0xa6c00000)
  eden space 132352K, 100% used [0x984c0000,0xa0600000,0xa0600000)
  from space 6144K, 99% used [0xa1780000,0xa1d7da00,0xa1d80000)
  to   space 9216K, 0% used [0xa0b80000,0xa0b80000,0xa1480000)
 ParOldGen       total 27392K, used 11434K [0x7b600000, 0x7d0c0000, 0x984c0000)
  object space 27392K, 41% used [0x7b600000,0x7c12a970,0x7d0c0000)
 Metaspace       used 21892K, capacity 22743K, committed 22784K, reserved 22832K
Event: 20.563 GC heap after
Heap after GC invocations=12 (full 1):
 PSYoungGen      total 147200K, used 7827K [0x984c0000, 0xa5a80000, 0xa6c00000)
  eden space 137984K, 0% used [0x984c0000,0x984c0000,0xa0b80000)
  from space 9216K, 84% used [0xa0b80000,0xa1324c70,0xa1480000)
  to   space 9984K, 0% used [0xa50c0000,0xa50c0000,0xa5a80000)
 ParOldGen       total 27392K, used 14566K [0x7b600000, 0x7d0c0000, 0x984c0000)
  object space 27392K, 53% used [0x7b600000,0x7c439a60,0x7d0c0000)
 Metaspace       used 21892K, capacity 22743K, committed 22784K, reserved 22832K
}
Event: 23.232 GC heap before
{Heap before GC invocations=13 (full 1):
 PSYoungGen      total 147200K, used 83518K [0x984c0000, 0xa5a80000, 0xa6c00000)
  eden space 137984K, 54% used [0x984c0000,0x9ceaaf78,0xa0b80000)
  from space 9216K, 84% used [0xa0b80000,0xa1324c70,0xa1480000)
  to   space 9984K, 0% used [0xa50c0000,0xa50c0000,0xa5a80000)
 ParOldGen       total 27392K, used 14566K [0x7b600000, 0x7d0c0000, 0x984c0000)
  object space 27392K, 53% used [0x7b600000,0x7c439a60,0x7d0c0000)
 Metaspace       used 26367K, capacity 27271K, committed 27308K, reserved 27952K
Event: 23.270 GC heap after
Heap after GC invocations=13 (full 1):
 PSYoungGen      total 208640K, used 7186K [0x984c0000, 0xa6200000, 0xa6c00000)
  eden space 198656K, 0% used [0x984c0000,0x984c0000,0xa46c0000)
  from space 9984K, 71% used [0xa50c0000,0xa57c4920,0xa5a80000)
  to   space 10240K, 0% used [0xa46c0000,0xa46c0000,0xa50c0000)
 ParOldGen       total 27392K, used 19057K [0x7b600000, 0x7d0c0000, 0x984c0000)
  object space 27392K, 69% used [0x7b600000,0x7c89c508,0x7d0c0000)
 Metaspace       used 26367K, capacity 27271K, committed 27308K, reserved 27952K
}
Event: 23.270 GC heap before
{Heap before GC invocations=14 (full 2):
 PSYoungGen      total 208640K, used 7186K [0x984c0000, 0xa6200000, 0xa6c00000)
  eden space 198656K, 0% used [0x984c0000,0x984c0000,0xa46c0000)
  from space 9984K, 71% used [0xa50c0000,0xa57c4920,0xa5a80000)
  to   space 10240K, 0% used [0xa46c0000,0xa46c0000,0xa50c0000)
 ParOldGen       total 27392K, used 19057K [0x7b600000, 0x7d0c0000, 0x984c0000)
  object space 27392K, 69% used [0x7b600000,0x7c89c508,0x7d0c0000)
 Metaspace       used 26367K, capacity 27271K, committed 27308K, reserved 27952K

